app/build/outputs/logs/manifest-merger-debug-report.txt
-- Merging decision tree log ---
manifest
ADDED from AndroidManifest.xml:2:1
	package
		ADDED from AndroidManifest.xml:3:5
		INJECTED from AndroidManifest.xml:0:0
		INJECTED from AndroidManifest.xml:0:0
	android:versionName
		ADDED from AndroidManifest.xml:5:5
	xmlns:tools
		ADDED from AndroidManifest.xml:8:5
	android:versionCode
		ADDED from AndroidManifest.xml:6:5
		INJECTED from AndroidManifest.xml:0:0
		INJECTED from AndroidManifest.xml:0:0
	xmlns:android
		ADDED from AndroidManifest.xml:2:11
	android:installLocation
		ADDED from AndroidManifest.xml:7:5
	android:theme
		ADDED from AndroidManifest.xml:4:5
uses-feature#android.hardware.camera
ADDED from AndroidManifest.xml:9:3
	android:name
		ADDED from AndroidManifest.xml:9:17
supports-screens
ADDED from AndroidManifest.xml:10:3
	android:largeScreens
		ADDED from AndroidManifest.xml:10:78
	android:smallScreens
		ADDED from AndroidManifest.xml:10:21
	android:normalScreens
		ADDED from AndroidManifest.xml:10:49
	android:xlargeScreens
		ADDED from AndroidManifest.xml:10:106
	android:anyDensity
		ADDED from AndroidManifest.xml:10:135
uses-permission#android.permission.INTERNET
ADDED from AndroidManifest.xml:11:3
	android:name
		ADDED from AndroidManifest.xml:11:20
uses-permission#android.permission.CAMERA
ADDED from AndroidManifest.xml:12:3
	android:name
		ADDED from AndroidManifest.xml:12:20
uses-permission#android.permission.ACCESS_NETWORK_STATE
ADDED from AndroidManifest.xml:13:3
	android:name
		ADDED from AndroidManifest.xml:13:20
uses-permission#android.permission.WRITE_EXTERNAL_STORAGE
ADDED from AndroidManifest.xml:14:3
	android:name
		ADDED from AndroidManifest.xml:14:20
application
ADDED from AndroidManifest.xml:15:3
MERGED from com.android.support:appcompat-v7:23.0.0:22:5
MERGED from com.android.support:support-v4:23.0.0:22:5
MERGED from com.android.support:support-v4:23.0.0:22:5
MERGED from com.android.support:cardview-v7:22.2.1:22:5
MERGED from com.getbase:floatingactionbutton:1.10.0:12:5
MERGED from com.afollestad:material-dialogs:0.7.9.1:12:5
MERGED from com.android.support:support-v4:23.0.0:22:5
MERGED from com.android.support:appcompat-v7:23.0.0:22:5
MERGED from com.android.support:support-v4:23.0.0:22:5
MERGED from com.android.support:support-v4:23.0.0:22:5
	android:label
		ADDED from AndroidManifest.xml:15:50
	android:debuggable
		ADDED from AndroidManifest.xml:15:142
	android:icon
		ADDED from AndroidManifest.xml:15:16
	android:theme
		ADDED from AndroidManifest.xml:15:83
activity#es.unex.afrancodq.prop1vuf.MainActivityNavigationDrawerMaterial
ADDED from AndroidManifest.xml:16:7
	android:screenOrientation
		ADDED from AndroidManifest.xml:20:11
	android:label
		ADDED from AndroidManifest.xml:18:11
	android:configChanges
		ADDED from AndroidManifest.xml:19:11
	android:name
		ADDED from AndroidManifest.xml:17:11
intent-filter#android.intent.action.MAIN+android.intent.category.LAUNCHER
ADDED from AndroidManifest.xml:21:11
action#android.intent.action.MAIN
ADDED from AndroidManifest.xml:22:15
	android:name
		ADDED from AndroidManifest.xml:22:23
category#android.intent.category.LAUNCHER
ADDED from AndroidManifest.xml:24:15
	android:name
		ADDED from AndroidManifest.xml:24:25
meta-data#unityplayer.UnityActivity
ADDED from AndroidManifest.xml:26:11
	android:value
		ADDED from AndroidManifest.xml:26:63
	android:name
		ADDED from AndroidManifest.xml:26:22
meta-data#unityplayer.ForwardNativeEventsToDalvik
ADDED from AndroidManifest.xml:27:11
	android:value
		ADDED from AndroidManifest.xml:27:77
	android:name
		ADDED from AndroidManifest.xml:27:22
activity#es.unex.afrancodq.prop1vuf.UnityPlayerNativeActivity
ADDED from AndroidManifest.xml:29:7
	android:label
		ADDED from AndroidManifest.xml:29:17
	android:configChanges
		ADDED from AndroidManifest.xml:30:9
	android:name
		ADDED from AndroidManifest.xml:31:9
intent-filter#android.intent.category.LAUNCHER
ADDED from AndroidManifest.xml:32:7
activity#com.unity3d.player.VideoPlayer
ADDED from AndroidManifest.xml:38:5
	android:screenOrientation
		ADDED from AndroidManifest.xml:41:9
	android:label
		ADDED from AndroidManifest.xml:40:9
	android:configChanges
		ADDED from AndroidManifest.xml:42:9
	android:name
		ADDED from AndroidManifest.xml:39:9
activity#es.unex.afrancodq.prop1vuf.DialogActivity
ADDED from AndroidManifest.xml:49:7
	android:theme
		ADDED from AndroidManifest.xml:50:11
	android:name
		ADDED from AndroidManifest.xml:49:17
uses-library#com.ti.s3d
ADDED from AndroidManifest.xml:53:5
	android:required
		ADDED from AndroidManifest.xml:53:45
	android:name
		ADDED from AndroidManifest.xml:53:19
uses-sdk
ADDED from AndroidManifest.xml:55:3
MERGED from com.android.support:appcompat-v7:23.0.0:20:5
MERGED from com.android.support:support-v4:23.0.0:20:5
MERGED from com.android.support:recyclerview-v7:23.0.0:20:5
MERGED from com.android.support:support-v4:23.0.0:20:5
MERGED from com.android.support:cardview-v7:22.2.1:20:5
MERGED from com.getbase:floatingactionbutton:1.10.0:8:5
MERGED from com.afollestad:material-dialogs:0.7.9.1:8:5
MERGED from com.android.support:support-v4:23.0.0:20:5
MERGED from com.android.support:appcompat-v7:23.0.0:20:5
MERGED from com.android.support:support-v4:23.0.0:20:5
MERGED from com.android.support:recyclerview-v7:23.0.0:20:5
MERGED from com.android.support:support-v4:23.0.0:20:5
	tools:overrideLibrary
		ADDED from AndroidManifest.xml:55:13
	android:targetSdkVersion
		INJECTED from AndroidManifest.xml:0:0
		INJECTED from AndroidManifest.xml:0:0
	android:minSdkVersion
		INJECTED from AndroidManifest.xml:0:0
		INJECTED from AndroidManifest.xml:0:0
uses-feature#0x00020000
ADDED from AndroidManifest.xml:56:3
	android:glEsVersion
		ADDED from AndroidManifest.xml:56:17
uses-feature#android.hardware.camera.autofocus
ADDED from AndroidManifest.xml:57:3
	android:required
		ADDED from AndroidManifest.xml:57:66
	android:name
		ADDED from AndroidManifest.xml:57:17
uses-feature#android.hardware.camera.front
ADDED from AndroidManifest.xml:58:3
	android:required
		ADDED from AndroidManifest.xml:58:62
	android:name
		ADDED from AndroidManifest.xml:58:17
uses-feature#android.hardware.touchscreen
ADDED from AndroidManifest.xml:59:3
	android:required
		ADDED from AndroidManifest.xml:59:61
	android:name
		ADDED from AndroidManifest.xml:59:17
uses-feature#android.hardware.touchscreen.multitouch
ADDED from AndroidManifest.xml:60:3
	android:required
		ADDED from AndroidManifest.xml:60:72
	android:name
		ADDED from AndroidManifest.xml:60:17
uses-feature#android.hardware.touchscreen.multitouch.distinct
ADDED from AndroidManifest.xml:61:3
	android:required
		ADDED from AndroidManifest.xml:61:81
	android:name
		ADDED from AndroidManifest.xml:61:17
uses-permission#android.permission.WAKE_LOCK
ADDED from AndroidManifest.xml:62:3
	android:name
		ADDED from AndroidManifest.xml:62:20